<?xml version="1.0" encoding="UTF-8"?>
<testng-results ignored="0" total="1" passed="1" failed="0" skipped="0">
  <reporter-output>
  </reporter-output>
  <suite started-at="2024-04-03T17:26:17 EDT" name="Default suite" finished-at="2024-04-03T17:26:23 EDT" duration-ms="6160">
    <groups>
    </groups>
    <test started-at="2024-04-03T17:26:17 EDT" name="Default test" finished-at="2024-04-03T17:26:23 EDT" duration-ms="6160">
      <class name="testCases.T03_RegistrationPageValidation">
        <test-method is-config="true" signature="openBrowser()[pri:0, instance:testCases.T03_RegistrationPageValidation@49139829]" started-at="2024-04-03T17:26:17 EDT" name="openBrowser" finished-at="2024-04-03T17:26:18 EDT" duration-ms="1267" status="PASS">
          <reporter-output>
          </reporter-output>
        </test-method> <!-- openBrowser -->
        <test-method signature="registrationPageTest()[pri:0, instance:testCases.T03_RegistrationPageValidation@49139829]" started-at="2024-04-03T17:26:18 EDT" name="registrationPageTest" finished-at="2024-04-03T17:26:20 EDT" duration-ms="1846" status="PASS">
          <reporter-output>
          </reporter-output>
        </test-method> <!-- registrationPageTest -->
        <test-method is-config="true" signature="tearDown()[pri:0, instance:testCases.T03_RegistrationPageValidation@49139829]" started-at="2024-04-03T17:26:20 EDT" name="tearDown" finished-at="2024-04-03T17:26:23 EDT" duration-ms="3004" status="PASS">
          <reporter-output>
          </reporter-output>
        </test-method> <!-- tearDown -->
      </class> <!-- testCases.T03_RegistrationPageValidation -->
    </test> <!-- Default test -->
  </suite> <!-- Default suite -->
</testng-results>
